[05:41:45] [main/INFO]: Loading Minecraft 1.21.1 with Fabric Loader 0.16.3
[05:41:45] [main/INFO]: Loading 4 mods:
	- fabricloader 0.16.3
	   \-- mixinextras 0.4.1
	- java 21
	- minecraft 1.21.1
[05:41:45] [main/INFO]: SpongePowered MIXIN Subsystem Version=0.8.7 Source=file:/workspaces/tizzy/servidor_minecraft/libraries/net/fabricmc/sponge-mixin/0.15.2+mixin.0.8.7/sponge-mixin-0.15.2+mixin.0.8.7.jar Service=Knot/Fabric Env=SERVER
[05:41:51] [main/INFO]: Environment: Environment[sessionHost=https://sessionserver.mojang.com, servicesHost=https://api.minecraftservices.com, name=PROD]
[05:41:52] [main/INFO]: No existing world data, creating new world
[05:41:52] [main/INFO]: Loaded 1290 recipes
[05:41:53] [main/INFO]: Loaded 1399 advancements
[05:41:53] [Server thread/INFO]: Starting minecraft server version 1.21.1
[05:41:53] [Server thread/INFO]: Loading properties
[05:41:53] [Server thread/INFO]: Default game type: SURVIVAL
[05:41:53] [Server thread/INFO]: Generating keypair
[05:41:53] [Server thread/INFO]: Starting Minecraft server on *:25565
[05:41:53] [Server thread/INFO]: Using epoll channel type
[05:41:53] [Server thread/WARN]: **** SERVER IS RUNNING IN OFFLINE/INSECURE MODE!
[05:41:53] [Server thread/WARN]: The server will make no attempt to authenticate usernames. Beware.
[05:41:53] [Server thread/WARN]: While this makes the game possible to play without internet access, it also opens up the ability for hackers to connect with any username they choose.
[05:41:53] [Server thread/WARN]: To change this, set "online-mode" to "true" in the server.properties file.
[05:41:53] [Server thread/INFO]: Preparing level "world"
[05:41:59] [Server thread/INFO]: Preparing start region for dimension minecraft:overworld
[05:41:59] [Worker-Main-3/INFO]: Preparing spawn area: 2%
[05:42:00] [Worker-Main-2/INFO]: Preparing spawn area: 2%
[05:42:00] [Worker-Main-2/INFO]: Preparing spawn area: 2%
[05:42:01] [Worker-Main-3/INFO]: Preparing spawn area: 10%
[05:42:01] [Worker-Main-2/INFO]: Preparing spawn area: 18%
[05:42:02] [Worker-Main-1/INFO]: Preparing spawn area: 18%
[05:42:02] [Worker-Main-2/INFO]: Preparing spawn area: 51%
[05:42:03] [Worker-Main-3/INFO]: Preparing spawn area: 51%
[05:42:03] [Worker-Main-1/INFO]: Preparing spawn area: 51%
[05:42:03] [Server thread/INFO]: Time elapsed: 4200 ms
[05:42:03] [Server thread/INFO]: Done (10.039s)! For help, type "help"
[05:42:03] [Server thread/INFO]: Unknown or incomplete command, see below for error
[05:42:03] [Server thread/INFO]: home/codespace/.python/current/bin/python /workspaces/tizzy/msx.py<--[HERE]
[05:42:15] [Server thread/INFO]: Unknown or incomplete command, see below for error
[05:42:15] [Server thread/INFO]: <--[HERE]
[05:42:26] [Server thread/INFO]: Stopping the server
[05:42:26] [Server thread/INFO]: Stopping server
[05:42:26] [Server thread/INFO]: Saving players
[05:42:26] [Server thread/INFO]: Saving worlds
[05:42:27] [Server thread/INFO]: Saving chunks for level 'ServerLevel[world]'/minecraft:overworld
[05:42:28] [Server thread/INFO]: Saving chunks for level 'ServerLevel[world]'/minecraft:the_nether
[05:42:28] [Server thread/INFO]: Saving chunks for level 'ServerLevel[world]'/minecraft:the_end
[05:42:28] [Server thread/INFO]: ThreadedAnvilChunkStorage (world): All chunks are saved
[05:42:28] [Server thread/INFO]: ThreadedAnvilChunkStorage (DIM-1): All chunks are saved
[05:42:28] [Server thread/INFO]: ThreadedAnvilChunkStorage (DIM1): All chunks are saved
[05:42:28] [Server thread/INFO]: ThreadedAnvilChunkStorage: All dimensions are saved
